2025-10-28 13:34:04,903 DEBUG    root            Loaded Command Group: ['gcloud', 'components']
2025-10-28 13:34:04,935 DEBUG    root            Loaded Command Group: ['gcloud', 'components', 'update']
2025-10-28 13:34:04,938 DEBUG    root            Running [gcloud.components.update] with arguments: [--quiet: "True", COMPONENT-IDS:8: "['gcloud', 'core', 'bq', 'gsutil', 'compute', 'preview', 'alpha', 'beta']"]
2025-10-28 13:34:04,939 INFO     ___FILE_ONLY___ Beginning update. This process may take several minutes.

2025-10-28 13:34:04,947 DEBUG    urllib3.connectionpool Starting new HTTPS connection (1): dl.google.com:443
2025-10-28 13:34:05,914 DEBUG    urllib3.connectionpool https://dl.google.com:443 "GET /dl/cloudsdk/channels/rapid/components-2.json HTTP/1.1" 200 233157
2025-10-28 13:34:05,928 WARNING  root            Component [compute] no longer exists.
2025-10-28 13:34:05,929 INFO     ___FILE_ONLY___ 

2025-10-28 13:34:05,930 INFO     ___FILE_ONLY___ 
Your current Google Cloud CLI version is: 544.0.0

2025-10-28 13:34:05,930 INFO     ___FILE_ONLY___ Installing components from version: 544.0.0

2025-10-28 13:34:05,930 INFO     ___FILE_ONLY___ 

2025-10-28 13:34:05,930 DEBUG    root            Chosen display Format:table[box,title="These components will be removed."](details.display_name:label=Name:align=left,version.version_string:label=Version:align=right,data.size.size(zero="",min=1048576):label=Size:align=right)
2025-10-28 13:34:05,931 DEBUG    root            Chosen display Format:table[box,title="These components will be updated."](details.display_name:label=Name:align=left,version.version_string:label=Version:align=right,data.size.size(zero="",min=1048576):label=Size:align=right)
2025-10-28 13:34:05,931 DEBUG    root            Chosen display Format:table[box,title="These components will be installed."](details.display_name:label=Name:align=left,version.version_string:label=Version:align=right,data.size.size(zero="",min=1048576):label=Size:align=right)
2025-10-28 13:34:05,947 INFO     ___FILE_ONLY___ ┌────────────────────────────────────────────────┐
2025-10-28 13:34:05,947 INFO     ___FILE_ONLY___ 

2025-10-28 13:34:05,947 INFO     ___FILE_ONLY___ │      These components will be installed.       │
2025-10-28 13:34:05,947 INFO     ___FILE_ONLY___ 

2025-10-28 13:34:05,947 INFO     ___FILE_ONLY___ ├─────────────────────────┬────────────┬─────────┤
2025-10-28 13:34:05,947 INFO     ___FILE_ONLY___ 

2025-10-28 13:34:05,948 INFO     ___FILE_ONLY___ │           Name          │  Version   │   Size  │
2025-10-28 13:34:05,948 INFO     ___FILE_ONLY___ 

2025-10-28 13:34:05,948 INFO     ___FILE_ONLY___ ├─────────────────────────┼────────────┼─────────┤
2025-10-28 13:34:05,948 INFO     ___FILE_ONLY___ 

2025-10-28 13:34:05,948 INFO     ___FILE_ONLY___ │ 
2025-10-28 13:34:05,948 INFO     ___FILE_ONLY___ gcloud Alpha Commands  
2025-10-28 13:34:05,948 INFO     ___FILE_ONLY___  
2025-10-28 13:34:05,948 INFO     ___FILE_ONLY___ │ 
2025-10-28 13:34:05,948 INFO     ___FILE_ONLY___ 2025.10.17
2025-10-28 13:34:05,948 INFO     ___FILE_ONLY___  
2025-10-28 13:34:05,948 INFO     ___FILE_ONLY___ │ 
2025-10-28 13:34:05,948 INFO     ___FILE_ONLY___ < 1 MiB
2025-10-28 13:34:05,948 INFO     ___FILE_ONLY___  
2025-10-28 13:34:05,948 INFO     ___FILE_ONLY___ │
2025-10-28 13:34:05,948 INFO     ___FILE_ONLY___ 

2025-10-28 13:34:05,949 INFO     ___FILE_ONLY___ │ 
2025-10-28 13:34:05,949 INFO     ___FILE_ONLY___ gcloud Beta Commands   
2025-10-28 13:34:05,949 INFO     ___FILE_ONLY___  
2025-10-28 13:34:05,949 INFO     ___FILE_ONLY___ │ 
2025-10-28 13:34:05,949 INFO     ___FILE_ONLY___ 2025.10.17
2025-10-28 13:34:05,949 INFO     ___FILE_ONLY___  
2025-10-28 13:34:05,949 INFO     ___FILE_ONLY___ │ 
2025-10-28 13:34:05,949 INFO     ___FILE_ONLY___ < 1 MiB
2025-10-28 13:34:05,949 INFO     ___FILE_ONLY___  
2025-10-28 13:34:05,949 INFO     ___FILE_ONLY___ │
2025-10-28 13:34:05,949 INFO     ___FILE_ONLY___ 

2025-10-28 13:34:05,949 INFO     ___FILE_ONLY___ │ 
2025-10-28 13:34:05,949 INFO     ___FILE_ONLY___ gcloud Preview Commands
2025-10-28 13:34:05,949 INFO     ___FILE_ONLY___  
2025-10-28 13:34:05,950 INFO     ___FILE_ONLY___ │ 
2025-10-28 13:34:05,950 INFO     ___FILE_ONLY___           
2025-10-28 13:34:05,950 INFO     ___FILE_ONLY___  
2025-10-28 13:34:05,950 INFO     ___FILE_ONLY___ │ 
2025-10-28 13:34:05,950 INFO     ___FILE_ONLY___ < 1 MiB
2025-10-28 13:34:05,950 INFO     ___FILE_ONLY___  
2025-10-28 13:34:05,950 INFO     ___FILE_ONLY___ │
2025-10-28 13:34:05,950 INFO     ___FILE_ONLY___ 

2025-10-28 13:34:05,950 INFO     ___FILE_ONLY___ └─────────────────────────┴────────────┴─────────┘
2025-10-28 13:34:05,950 INFO     ___FILE_ONLY___ 

2025-10-28 13:34:05,950 INFO     ___FILE_ONLY___ 

2025-10-28 13:34:05,953 DEBUG    urllib3.connectionpool Starting new HTTPS connection (1): dl.google.com:443
2025-10-28 13:34:06,999 DEBUG    urllib3.connectionpool https://dl.google.com:443 "GET /dl/cloudsdk/channels/rapid/RELEASE_NOTES HTTP/1.1" 200 1506053
2025-10-28 13:34:07,535 INFO     ___FILE_ONLY___ For the latest full release notes, please visit:
  https://cloud.google.com/sdk/release_notes


2025-10-28 13:34:07,536 INFO     ___FILE_ONLY___ Performing in place update...


2025-10-28 13:34:07,538 INFO     ___FILE_ONLY___ ╔════════════════════════════════════════════════════════════╗

2025-10-28 13:34:07,538 INFO     ___FILE_ONLY___ ╠═ Downloading: gcloud Alpha Commands                       ═╣

2025-10-28 13:34:07,538 INFO     ___FILE_ONLY___ ╚
2025-10-28 13:34:07,541 DEBUG    urllib3.connectionpool Starting new HTTPS connection (1): dl.google.com:443
2025-10-28 13:34:09,376 DEBUG    urllib3.connectionpool https://dl.google.com:443 "GET /dl/cloudsdk/channels/rapid/components/google-cloud-sdk-alpha-20251017124533.tar.gz HTTP/1.1" 200 800
2025-10-28 13:34:09,377 INFO     ___FILE_ONLY___ ════════════════════════════════════════════════════════════
2025-10-28 13:34:09,377 INFO     ___FILE_ONLY___ ╝

2025-10-28 13:34:09,379 INFO     ___FILE_ONLY___ ╔════════════════════════════════════════════════════════════╗

2025-10-28 13:34:09,379 INFO     ___FILE_ONLY___ ╠═ Downloading: gcloud Beta Commands                        ═╣

2025-10-28 13:34:09,379 INFO     ___FILE_ONLY___ ╚
2025-10-28 13:34:09,382 DEBUG    urllib3.connectionpool Starting new HTTPS connection (1): dl.google.com:443
2025-10-28 13:34:11,236 DEBUG    urllib3.connectionpool https://dl.google.com:443 "GET /dl/cloudsdk/channels/rapid/components/google-cloud-sdk-beta-20251017124533.tar.gz HTTP/1.1" 200 797
2025-10-28 13:34:11,237 INFO     ___FILE_ONLY___ ════════════════════════════════════════════════════════════
2025-10-28 13:34:11,237 INFO     ___FILE_ONLY___ ╝

2025-10-28 13:34:11,240 INFO     ___FILE_ONLY___ ╔════════════════════════════════════════════════════════════╗

2025-10-28 13:34:11,240 INFO     ___FILE_ONLY___ ╠═ Downloading: gcloud Preview Commands                     ═╣

2025-10-28 13:34:11,240 INFO     ___FILE_ONLY___ ╚
2025-10-28 13:34:11,243 DEBUG    urllib3.connectionpool Starting new HTTPS connection (1): dl.google.com:443
2025-10-28 13:34:12,294 DEBUG    urllib3.connectionpool https://dl.google.com:443 "GET /dl/cloudsdk/channels/rapid/components/google-cloud-sdk-preview-20241115154308.tar.gz HTTP/1.1" 200 823
2025-10-28 13:34:12,294 INFO     ___FILE_ONLY___ ════════════════════════════════════════════════════════════
2025-10-28 13:34:12,295 INFO     ___FILE_ONLY___ ╝

2025-10-28 13:34:12,297 INFO     ___FILE_ONLY___ ╔════════════════════════════════════════════════════════════╗

2025-10-28 13:34:12,297 INFO     ___FILE_ONLY___ ╠═ Installing: gcloud Alpha Commands                        ═╣

2025-10-28 13:34:12,297 INFO     ___FILE_ONLY___ ╚
2025-10-28 13:34:12,298 INFO     ___FILE_ONLY___ ════════════════════════════════════════════════════════════
2025-10-28 13:34:12,298 INFO     ___FILE_ONLY___ ╝

2025-10-28 13:34:12,304 INFO     ___FILE_ONLY___ ╔════════════════════════════════════════════════════════════╗

2025-10-28 13:34:12,305 INFO     ___FILE_ONLY___ ╠═ Installing: gcloud Beta Commands                         ═╣

2025-10-28 13:34:12,305 INFO     ___FILE_ONLY___ ╚
2025-10-28 13:34:12,305 INFO     ___FILE_ONLY___ ════════════════════════════════════════════════════════════
2025-10-28 13:34:12,306 INFO     ___FILE_ONLY___ ╝

2025-10-28 13:34:12,312 INFO     ___FILE_ONLY___ ╔════════════════════════════════════════════════════════════╗

2025-10-28 13:34:12,313 INFO     ___FILE_ONLY___ ╠═ Installing: gcloud Preview Commands                      ═╣

2025-10-28 13:34:12,313 INFO     ___FILE_ONLY___ ╚
2025-10-28 13:34:12,314 INFO     ___FILE_ONLY___ ════════════════════════════════════════════════════════════
2025-10-28 13:34:12,314 INFO     ___FILE_ONLY___ ╝

2025-10-28 13:34:12,321 DEBUG    root            Updating notification cache...
2025-10-28 13:34:12,322 INFO     ___FILE_ONLY___ 

2025-10-28 13:34:12,323 INFO     ___FILE_ONLY___ Performing post processing steps...
2025-10-28 13:34:12,324 DEBUG    root            Executing command: ['/tools/google-cloud-sdk/bin/gcloud', 'components', 'post-process']
2025-10-28 13:34:22,258 DEBUG    ___FILE_ONLY___ 
2025-10-28 13:34:22,258 DEBUG    ___FILE_ONLY___ 
2025-10-28 13:34:22,348 INFO     root            descriptor_list: [{'universeDomain': 'googleapis.com', 'universeShortName': '', 'authenticationDomain': 'auth.cloud.google.com', 'projectPrefix': '', 'cloudWebDomain': 'cloud.google.com', 'documentationDomain': 'cloud.google.com', 'version': '1.0.0', 'state': 'primary', 'artifactRegistryDomain': 'pkg.dev'}]
2025-10-28 13:34:22,349 INFO     ___FILE_ONLY___ 
Update done!


2025-10-28 13:34:22,352 DEBUG    root            Chosen display Format:none
2025-10-28 13:34:22,352 INFO     root            Display format: "none"
